[0.022s] Invoking command in '/home/neusvegasm/gitrepo/exercises/rp_03_ros_basics/build/rp_simple_controller': CMAKE_PREFIX_PATH=${CMAKE_PREFIX_PATH}:/opt/ros/humble /usr/bin/cmake --build /home/neusvegasm/gitrepo/exercises/rp_03_ros_basics/build/rp_simple_controller -- -j8 -l8
[0.161s] [35m[1mConsolidate compiler generated dependencies of target turtle_square[0m
[0.184s] [ 50%] [32mBuilding CXX object CMakeFiles/turtle_square.dir/src/turtle_square.cpp.o[0m
[10.331s] [100%] [32m[1mLinking CXX executable turtle_square[0m
[11.094s] [100%] Built target turtle_square
[11.105s] Invoked command in '/home/neusvegasm/gitrepo/exercises/rp_03_ros_basics/build/rp_simple_controller' returned '0': CMAKE_PREFIX_PATH=${CMAKE_PREFIX_PATH}:/opt/ros/humble /usr/bin/cmake --build /home/neusvegasm/gitrepo/exercises/rp_03_ros_basics/build/rp_simple_controller -- -j8 -l8
[11.146s] Invoking command in '/home/neusvegasm/gitrepo/exercises/rp_03_ros_basics/build/rp_simple_controller': CMAKE_PREFIX_PATH=${CMAKE_PREFIX_PATH}:/opt/ros/humble /usr/bin/cmake --install /home/neusvegasm/gitrepo/exercises/rp_03_ros_basics/build/rp_simple_controller
[11.154s] -- Install configuration: ""
[11.157s] -- Installing: /home/neusvegasm/gitrepo/exercises/rp_03_ros_basics/install/rp_simple_controller/lib/rp_simple_controller/turtle_square
[11.162s] -- Set runtime path of "/home/neusvegasm/gitrepo/exercises/rp_03_ros_basics/install/rp_simple_controller/lib/rp_simple_controller/turtle_square" to ""
[11.162s] -- Up-to-date: /home/neusvegasm/gitrepo/exercises/rp_03_ros_basics/install/rp_simple_controller/share/ament_index/resource_index/package_run_dependencies/rp_simple_controller
[11.162s] -- Up-to-date: /home/neusvegasm/gitrepo/exercises/rp_03_ros_basics/install/rp_simple_controller/share/ament_index/resource_index/parent_prefix_path/rp_simple_controller
[11.163s] -- Up-to-date: /home/neusvegasm/gitrepo/exercises/rp_03_ros_basics/install/rp_simple_controller/share/rp_simple_controller/environment/ament_prefix_path.sh
[11.163s] -- Up-to-date: /home/neusvegasm/gitrepo/exercises/rp_03_ros_basics/install/rp_simple_controller/share/rp_simple_controller/environment/ament_prefix_path.dsv
[11.163s] -- Up-to-date: /home/neusvegasm/gitrepo/exercises/rp_03_ros_basics/install/rp_simple_controller/share/rp_simple_controller/environment/path.sh
[11.163s] -- Up-to-date: /home/neusvegasm/gitrepo/exercises/rp_03_ros_basics/install/rp_simple_controller/share/rp_simple_controller/environment/path.dsv
[11.163s] -- Up-to-date: /home/neusvegasm/gitrepo/exercises/rp_03_ros_basics/install/rp_simple_controller/share/rp_simple_controller/local_setup.bash
[11.163s] -- Up-to-date: /home/neusvegasm/gitrepo/exercises/rp_03_ros_basics/install/rp_simple_controller/share/rp_simple_controller/local_setup.sh
[11.163s] -- Up-to-date: /home/neusvegasm/gitrepo/exercises/rp_03_ros_basics/install/rp_simple_controller/share/rp_simple_controller/local_setup.zsh
[11.163s] -- Up-to-date: /home/neusvegasm/gitrepo/exercises/rp_03_ros_basics/install/rp_simple_controller/share/rp_simple_controller/local_setup.dsv
[11.163s] -- Installing: /home/neusvegasm/gitrepo/exercises/rp_03_ros_basics/install/rp_simple_controller/share/rp_simple_controller/package.dsv
[11.164s] -- Up-to-date: /home/neusvegasm/gitrepo/exercises/rp_03_ros_basics/install/rp_simple_controller/share/ament_index/resource_index/packages/rp_simple_controller
[11.164s] -- Up-to-date: /home/neusvegasm/gitrepo/exercises/rp_03_ros_basics/install/rp_simple_controller/share/rp_simple_controller/cmake/rp_simple_controllerConfig.cmake
[11.164s] -- Up-to-date: /home/neusvegasm/gitrepo/exercises/rp_03_ros_basics/install/rp_simple_controller/share/rp_simple_controller/cmake/rp_simple_controllerConfig-version.cmake
[11.164s] -- Up-to-date: /home/neusvegasm/gitrepo/exercises/rp_03_ros_basics/install/rp_simple_controller/share/rp_simple_controller/package.xml
[11.166s] Invoked command in '/home/neusvegasm/gitrepo/exercises/rp_03_ros_basics/build/rp_simple_controller' returned '0': CMAKE_PREFIX_PATH=${CMAKE_PREFIX_PATH}:/opt/ros/humble /usr/bin/cmake --install /home/neusvegasm/gitrepo/exercises/rp_03_ros_basics/build/rp_simple_controller
