[0.221s] DEBUG:colcon:Command line arguments: ['/usr/bin/colcon', 'build']
[0.221s] DEBUG:colcon:Parsed command line arguments: Namespace(log_base=None, log_level=None, verb_name='build', build_base='build', install_base='install', merge_install=False, symlink_install=False, test_result_base=None, continue_on_error=False, executor='parallel', parallel_workers=8, event_handlers=None, ignore_user_meta=False, metas=['./colcon.meta'], base_paths=['.'], packages_ignore=None, packages_ignore_regex=None, paths=None, packages_up_to=None, packages_up_to_regex=None, packages_above=None, packages_above_and_dependencies=None, packages_above_depth=None, packages_select_by_dep=None, packages_skip_by_dep=None, packages_skip_up_to=None, packages_select_build_failed=False, packages_skip_build_finished=False, packages_select_test_failures=False, packages_skip_test_passed=False, packages_select=None, packages_skip=None, packages_select_regex=None, packages_skip_regex=None, packages_start=None, packages_end=None, allow_overriding=[], cmake_args=None, cmake_target=None, cmake_target_skip_unavailable=False, cmake_clean_cache=False, cmake_clean_first=False, cmake_force_configure=False, ament_cmake_args=None, catkin_cmake_args=None, catkin_skip_building_tests=False, mixin_files=None, mixin=None, verb_parser=<colcon_mixin.mixin.mixin_argument.MixinArgumentDecorator object at 0x7f730c9b1a20>, verb_extension=<colcon_core.verb.build.BuildVerb object at 0x7f730c9b12a0>, main=<bound method BuildVerb.main of <colcon_core.verb.build.BuildVerb object at 0x7f730c9b12a0>>, mixin_verb=('build',))
[0.409s] Level 1:colcon.colcon_core.package_discovery:discover_packages(colcon_meta) check parameters
[0.409s] Level 1:colcon.colcon_core.package_discovery:discover_packages(recursive) check parameters
[0.409s] Level 1:colcon.colcon_core.package_discovery:discover_packages(ignore) check parameters
[0.409s] Level 1:colcon.colcon_core.package_discovery:discover_packages(path) check parameters
[0.409s] Level 1:colcon.colcon_core.package_discovery:discover_packages(colcon_meta) discover
[0.409s] Level 1:colcon.colcon_core.package_discovery:discover_packages(recursive) discover
[0.409s] INFO:colcon.colcon_core.package_discovery:Crawling recursively for packages in '/home/neusvegasm/gitrepo/exercises/rp_03_ros_basics'
[0.410s] Level 1:colcon.colcon_core.package_identification:_identify(.) by extensions ['ignore', 'ignore_ament_install']
[0.410s] Level 1:colcon.colcon_core.package_identification:_identify(.) by extension 'ignore'
[0.410s] Level 1:colcon.colcon_core.package_identification:_identify(.) by extension 'ignore_ament_install'
[0.410s] Level 1:colcon.colcon_core.package_identification:_identify(.) by extensions ['colcon_pkg']
[0.410s] Level 1:colcon.colcon_core.package_identification:_identify(.) by extension 'colcon_pkg'
[0.410s] Level 1:colcon.colcon_core.package_identification:_identify(.) by extensions ['colcon_meta']
[0.410s] Level 1:colcon.colcon_core.package_identification:_identify(.) by extension 'colcon_meta'
[0.410s] Level 1:colcon.colcon_core.package_identification:_identify(.) by extensions ['ros']
[0.410s] Level 1:colcon.colcon_core.package_identification:_identify(.) by extension 'ros'
[0.422s] Level 1:colcon.colcon_core.package_identification:_identify(.) by extensions ['cmake', 'python']
[0.422s] Level 1:colcon.colcon_core.package_identification:_identify(.) by extension 'cmake'
[0.422s] Level 1:colcon.colcon_core.package_identification:_identify(.) by extension 'python'
[0.422s] Level 1:colcon.colcon_core.package_identification:_identify(.) by extensions ['python_setup_py']
[0.422s] Level 1:colcon.colcon_core.package_identification:_identify(.) by extension 'python_setup_py'
[0.422s] Level 1:colcon.colcon_core.package_identification:_identify(build) by extensions ['ignore', 'ignore_ament_install']
[0.423s] Level 1:colcon.colcon_core.package_identification:_identify(build) by extension 'ignore'
[0.423s] Level 1:colcon.colcon_core.package_identification:_identify(build) ignored
[0.423s] Level 1:colcon.colcon_core.package_identification:_identify(install) by extensions ['ignore', 'ignore_ament_install']
[0.423s] Level 1:colcon.colcon_core.package_identification:_identify(install) by extension 'ignore'
[0.423s] Level 1:colcon.colcon_core.package_identification:_identify(install) ignored
[0.423s] Level 1:colcon.colcon_core.package_identification:_identify(log) by extensions ['ignore', 'ignore_ament_install']
[0.423s] Level 1:colcon.colcon_core.package_identification:_identify(log) by extension 'ignore'
[0.423s] Level 1:colcon.colcon_core.package_identification:_identify(log) ignored
[0.423s] Level 1:colcon.colcon_core.package_identification:_identify(src) by extensions ['ignore', 'ignore_ament_install']
[0.423s] Level 1:colcon.colcon_core.package_identification:_identify(src) by extension 'ignore'
[0.423s] Level 1:colcon.colcon_core.package_identification:_identify(src) by extension 'ignore_ament_install'
[0.423s] Level 1:colcon.colcon_core.package_identification:_identify(src) by extensions ['colcon_pkg']
[0.423s] Level 1:colcon.colcon_core.package_identification:_identify(src) by extension 'colcon_pkg'
[0.423s] Level 1:colcon.colcon_core.package_identification:_identify(src) by extensions ['colcon_meta']
[0.423s] Level 1:colcon.colcon_core.package_identification:_identify(src) by extension 'colcon_meta'
[0.424s] Level 1:colcon.colcon_core.package_identification:_identify(src) by extensions ['ros']
[0.424s] Level 1:colcon.colcon_core.package_identification:_identify(src) by extension 'ros'
[0.424s] Level 1:colcon.colcon_core.package_identification:_identify(src) by extensions ['cmake', 'python']
[0.424s] Level 1:colcon.colcon_core.package_identification:_identify(src) by extension 'cmake'
[0.424s] Level 1:colcon.colcon_core.package_identification:_identify(src) by extension 'python'
[0.424s] Level 1:colcon.colcon_core.package_identification:_identify(src) by extensions ['python_setup_py']
[0.424s] Level 1:colcon.colcon_core.package_identification:_identify(src) by extension 'python_setup_py'
[0.424s] Level 1:colcon.colcon_core.package_identification:_identify(src/rp_simple_controller) by extensions ['ignore', 'ignore_ament_install']
[0.424s] Level 1:colcon.colcon_core.package_identification:_identify(src/rp_simple_controller) by extension 'ignore'
[0.424s] Level 1:colcon.colcon_core.package_identification:_identify(src/rp_simple_controller) by extension 'ignore_ament_install'
[0.424s] Level 1:colcon.colcon_core.package_identification:_identify(src/rp_simple_controller) by extensions ['colcon_pkg']
[0.424s] Level 1:colcon.colcon_core.package_identification:_identify(src/rp_simple_controller) by extension 'colcon_pkg'
[0.424s] Level 1:colcon.colcon_core.package_identification:_identify(src/rp_simple_controller) by extensions ['colcon_meta']
[0.424s] Level 1:colcon.colcon_core.package_identification:_identify(src/rp_simple_controller) by extension 'colcon_meta'
[0.424s] Level 1:colcon.colcon_core.package_identification:_identify(src/rp_simple_controller) by extensions ['ros']
[0.424s] Level 1:colcon.colcon_core.package_identification:_identify(src/rp_simple_controller) by extension 'ros'
[0.428s] DEBUG:colcon.colcon_core.package_identification:Package 'src/rp_simple_controller' with type 'ros.ament_cmake' and name 'rp_simple_controller'
[0.428s] Level 1:colcon.colcon_core.package_discovery:discover_packages(recursive) using defaults
[0.428s] Level 1:colcon.colcon_core.package_discovery:discover_packages(ignore) discover
[0.428s] Level 1:colcon.colcon_core.package_discovery:discover_packages(ignore) using defaults
[0.428s] Level 1:colcon.colcon_core.package_discovery:discover_packages(path) discover
[0.428s] Level 1:colcon.colcon_core.package_discovery:discover_packages(path) using defaults
[0.458s] Level 1:colcon.colcon_core.package_discovery:discover_packages(prefix_path) check parameters
[0.458s] Level 1:colcon.colcon_core.package_discovery:discover_packages(prefix_path) discover
[0.459s] DEBUG:colcon.colcon_installed_package_information.package_discovery:Found 1 installed packages in /home/neusvegasm/gitrepo/exercises/rp_03_ros_basics/install
[0.461s] DEBUG:colcon.colcon_installed_package_information.package_discovery:Found 270 installed packages in /opt/ros/humble
[0.462s] Level 1:colcon.colcon_core.package_discovery:discover_packages(prefix_path) using defaults
[0.500s] Level 5:colcon.colcon_core.verb:set package 'rp_simple_controller' build argument 'cmake_args' from command line to 'None'
[0.501s] Level 5:colcon.colcon_core.verb:set package 'rp_simple_controller' build argument 'cmake_target' from command line to 'None'
[0.501s] Level 5:colcon.colcon_core.verb:set package 'rp_simple_controller' build argument 'cmake_target_skip_unavailable' from command line to 'False'
[0.501s] Level 5:colcon.colcon_core.verb:set package 'rp_simple_controller' build argument 'cmake_clean_cache' from command line to 'False'
[0.501s] Level 5:colcon.colcon_core.verb:set package 'rp_simple_controller' build argument 'cmake_clean_first' from command line to 'False'
[0.501s] Level 5:colcon.colcon_core.verb:set package 'rp_simple_controller' build argument 'cmake_force_configure' from command line to 'False'
[0.501s] Level 5:colcon.colcon_core.verb:set package 'rp_simple_controller' build argument 'ament_cmake_args' from command line to 'None'
[0.501s] Level 5:colcon.colcon_core.verb:set package 'rp_simple_controller' build argument 'catkin_cmake_args' from command line to 'None'
[0.501s] Level 5:colcon.colcon_core.verb:set package 'rp_simple_controller' build argument 'catkin_skip_building_tests' from command line to 'False'
[0.501s] DEBUG:colcon.colcon_core.verb:Building package 'rp_simple_controller' with the following arguments: {'ament_cmake_args': None, 'build_base': '/home/neusvegasm/gitrepo/exercises/rp_03_ros_basics/build/rp_simple_controller', 'catkin_cmake_args': None, 'catkin_skip_building_tests': False, 'cmake_args': None, 'cmake_clean_cache': False, 'cmake_clean_first': False, 'cmake_force_configure': False, 'cmake_target': None, 'cmake_target_skip_unavailable': False, 'install_base': '/home/neusvegasm/gitrepo/exercises/rp_03_ros_basics/install/rp_simple_controller', 'merge_install': False, 'path': '/home/neusvegasm/gitrepo/exercises/rp_03_ros_basics/src/rp_simple_controller', 'symlink_install': False, 'test_result_base': None}
[0.501s] INFO:colcon.colcon_core.executor:Executing jobs using 'parallel' executor
[0.502s] DEBUG:colcon.colcon_parallel_executor.executor.parallel:run_until_complete
[0.502s] INFO:colcon.colcon_ros.task.ament_cmake.build:Building ROS package in '/home/neusvegasm/gitrepo/exercises/rp_03_ros_basics/src/rp_simple_controller' with build type 'ament_cmake'
[0.502s] INFO:colcon.colcon_cmake.task.cmake.build:Building CMake package in '/home/neusvegasm/gitrepo/exercises/rp_03_ros_basics/src/rp_simple_controller'
[0.505s] INFO:colcon.colcon_core.plugin_system:Skipping extension 'colcon_core.shell.bat': Not used on non-Windows systems
[0.506s] INFO:colcon.colcon_core.shell:Skip shell extension 'powershell' for command environment: Not usable outside of PowerShell
[0.506s] DEBUG:colcon.colcon_core.shell:Skip shell extension 'dsv' for command environment
[0.517s] DEBUG:colcon.colcon_core.event_handler.log_command:Invoking command in '/home/neusvegasm/gitrepo/exercises/rp_03_ros_basics/build/rp_simple_controller': CMAKE_PREFIX_PATH=${CMAKE_PREFIX_PATH}:/opt/ros/humble /usr/bin/cmake --build /home/neusvegasm/gitrepo/exercises/rp_03_ros_basics/build/rp_simple_controller -- -j8 -l8
[10.457s] DEBUG:colcon.colcon_core.event_handler.log_command:Invoked command in '/home/neusvegasm/gitrepo/exercises/rp_03_ros_basics/build/rp_simple_controller' returned '0': CMAKE_PREFIX_PATH=${CMAKE_PREFIX_PATH}:/opt/ros/humble /usr/bin/cmake --build /home/neusvegasm/gitrepo/exercises/rp_03_ros_basics/build/rp_simple_controller -- -j8 -l8
[10.506s] DEBUG:colcon.colcon_core.event_handler.log_command:Invoking command in '/home/neusvegasm/gitrepo/exercises/rp_03_ros_basics/build/rp_simple_controller': CMAKE_PREFIX_PATH=${CMAKE_PREFIX_PATH}:/opt/ros/humble /usr/bin/cmake --install /home/neusvegasm/gitrepo/exercises/rp_03_ros_basics/build/rp_simple_controller
[10.522s] Level 1:colcon.colcon_core.environment:create_environment_scripts_only(rp_simple_controller)
[10.524s] DEBUG:colcon.colcon_core.event_handler.log_command:Invoked command in '/home/neusvegasm/gitrepo/exercises/rp_03_ros_basics/build/rp_simple_controller' returned '0': CMAKE_PREFIX_PATH=${CMAKE_PREFIX_PATH}:/opt/ros/humble /usr/bin/cmake --install /home/neusvegasm/gitrepo/exercises/rp_03_ros_basics/build/rp_simple_controller
[10.527s] Level 1:colcon.colcon_core.environment:checking '/home/neusvegasm/gitrepo/exercises/rp_03_ros_basics/install/rp_simple_controller' for CMake module files
[10.528s] Level 1:colcon.colcon_core.environment:checking '/home/neusvegasm/gitrepo/exercises/rp_03_ros_basics/install/rp_simple_controller' for CMake config files
[10.528s] Level 1:colcon.colcon_core.shell:create_environment_hook('rp_simple_controller', 'cmake_prefix_path')
[10.528s] INFO:colcon.colcon_core.shell:Creating environment hook '/home/neusvegasm/gitrepo/exercises/rp_03_ros_basics/install/rp_simple_controller/share/rp_simple_controller/hook/cmake_prefix_path.ps1'
[10.529s] INFO:colcon.colcon_core.shell:Creating environment descriptor '/home/neusvegasm/gitrepo/exercises/rp_03_ros_basics/install/rp_simple_controller/share/rp_simple_controller/hook/cmake_prefix_path.dsv'
[10.530s] INFO:colcon.colcon_core.shell:Creating environment hook '/home/neusvegasm/gitrepo/exercises/rp_03_ros_basics/install/rp_simple_controller/share/rp_simple_controller/hook/cmake_prefix_path.sh'
[10.531s] Level 1:colcon.colcon_core.environment:checking '/home/neusvegasm/gitrepo/exercises/rp_03_ros_basics/install/rp_simple_controller/lib'
[10.531s] Level 1:colcon.colcon_core.environment:checking '/home/neusvegasm/gitrepo/exercises/rp_03_ros_basics/install/rp_simple_controller/bin'
[10.531s] Level 1:colcon.colcon_core.environment:checking '/home/neusvegasm/gitrepo/exercises/rp_03_ros_basics/install/rp_simple_controller/lib/pkgconfig/rp_simple_controller.pc'
[10.531s] Level 1:colcon.colcon_core.environment:checking '/home/neusvegasm/gitrepo/exercises/rp_03_ros_basics/install/rp_simple_controller/lib/python3.10/site-packages'
[10.532s] Level 1:colcon.colcon_core.environment:checking '/home/neusvegasm/gitrepo/exercises/rp_03_ros_basics/install/rp_simple_controller/bin'
[10.532s] INFO:colcon.colcon_core.shell:Creating package script '/home/neusvegasm/gitrepo/exercises/rp_03_ros_basics/install/rp_simple_controller/share/rp_simple_controller/package.ps1'
[10.533s] INFO:colcon.colcon_core.shell:Creating package descriptor '/home/neusvegasm/gitrepo/exercises/rp_03_ros_basics/install/rp_simple_controller/share/rp_simple_controller/package.dsv'
[10.534s] INFO:colcon.colcon_core.shell:Creating package script '/home/neusvegasm/gitrepo/exercises/rp_03_ros_basics/install/rp_simple_controller/share/rp_simple_controller/package.sh'
[10.535s] INFO:colcon.colcon_core.shell:Creating package script '/home/neusvegasm/gitrepo/exercises/rp_03_ros_basics/install/rp_simple_controller/share/rp_simple_controller/package.bash'
[10.536s] INFO:colcon.colcon_core.shell:Creating package script '/home/neusvegasm/gitrepo/exercises/rp_03_ros_basics/install/rp_simple_controller/share/rp_simple_controller/package.zsh'
[10.537s] Level 1:colcon.colcon_core.environment:create_file_with_runtime_dependencies(/home/neusvegasm/gitrepo/exercises/rp_03_ros_basics/install/rp_simple_controller/share/colcon-core/packages/rp_simple_controller)
[10.577s] Level 1:colcon.colcon_core.environment:create_environment_scripts_only(rp_simple_controller)
[10.577s] Level 1:colcon.colcon_core.environment:checking '/home/neusvegasm/gitrepo/exercises/rp_03_ros_basics/install/rp_simple_controller' for CMake module files
[10.578s] Level 1:colcon.colcon_core.environment:checking '/home/neusvegasm/gitrepo/exercises/rp_03_ros_basics/install/rp_simple_controller' for CMake config files
[10.578s] Level 1:colcon.colcon_core.shell:create_environment_hook('rp_simple_controller', 'cmake_prefix_path')
[10.578s] INFO:colcon.colcon_core.shell:Creating environment hook '/home/neusvegasm/gitrepo/exercises/rp_03_ros_basics/install/rp_simple_controller/share/rp_simple_controller/hook/cmake_prefix_path.ps1'
[10.579s] INFO:colcon.colcon_core.shell:Creating environment descriptor '/home/neusvegasm/gitrepo/exercises/rp_03_ros_basics/install/rp_simple_controller/share/rp_simple_controller/hook/cmake_prefix_path.dsv'
[10.579s] INFO:colcon.colcon_core.shell:Creating environment hook '/home/neusvegasm/gitrepo/exercises/rp_03_ros_basics/install/rp_simple_controller/share/rp_simple_controller/hook/cmake_prefix_path.sh'
[10.580s] Level 1:colcon.colcon_core.environment:checking '/home/neusvegasm/gitrepo/exercises/rp_03_ros_basics/install/rp_simple_controller/lib'
[10.580s] Level 1:colcon.colcon_core.environment:checking '/home/neusvegasm/gitrepo/exercises/rp_03_ros_basics/install/rp_simple_controller/bin'
[10.580s] Level 1:colcon.colcon_core.environment:checking '/home/neusvegasm/gitrepo/exercises/rp_03_ros_basics/install/rp_simple_controller/lib/pkgconfig/rp_simple_controller.pc'
[10.580s] Level 1:colcon.colcon_core.environment:checking '/home/neusvegasm/gitrepo/exercises/rp_03_ros_basics/install/rp_simple_controller/lib/python3.10/site-packages'
[10.581s] Level 1:colcon.colcon_core.environment:checking '/home/neusvegasm/gitrepo/exercises/rp_03_ros_basics/install/rp_simple_controller/bin'
[10.581s] INFO:colcon.colcon_core.shell:Creating package script '/home/neusvegasm/gitrepo/exercises/rp_03_ros_basics/install/rp_simple_controller/share/rp_simple_controller/package.ps1'
[10.582s] INFO:colcon.colcon_core.shell:Creating package descriptor '/home/neusvegasm/gitrepo/exercises/rp_03_ros_basics/install/rp_simple_controller/share/rp_simple_controller/package.dsv'
[10.582s] INFO:colcon.colcon_core.shell:Creating package script '/home/neusvegasm/gitrepo/exercises/rp_03_ros_basics/install/rp_simple_controller/share/rp_simple_controller/package.sh'
[10.583s] INFO:colcon.colcon_core.shell:Creating package script '/home/neusvegasm/gitrepo/exercises/rp_03_ros_basics/install/rp_simple_controller/share/rp_simple_controller/package.bash'
[10.583s] INFO:colcon.colcon_core.shell:Creating package script '/home/neusvegasm/gitrepo/exercises/rp_03_ros_basics/install/rp_simple_controller/share/rp_simple_controller/package.zsh'
[10.584s] Level 1:colcon.colcon_core.environment:create_file_with_runtime_dependencies(/home/neusvegasm/gitrepo/exercises/rp_03_ros_basics/install/rp_simple_controller/share/colcon-core/packages/rp_simple_controller)
[10.585s] DEBUG:colcon.colcon_parallel_executor.executor.parallel:closing loop
[10.585s] DEBUG:colcon.colcon_parallel_executor.executor.parallel:loop closed
[10.585s] DEBUG:colcon.colcon_parallel_executor.executor.parallel:run_until_complete finished with '0'
[10.585s] DEBUG:colcon.colcon_core.event_reactor:joining thread
[10.655s] INFO:colcon.colcon_core.plugin_system:Skipping extension 'colcon_notification.desktop_notification.notify_send': Could not find 'notify-send'
[10.655s] INFO:colcon.colcon_core.plugin_system:Skipping extension 'colcon_notification.desktop_notification.terminal_notifier': Not used on non-Darwin systems
[10.655s] INFO:colcon.colcon_core.plugin_system:Skipping extension 'colcon_notification.desktop_notification.win32': Not used on non-Windows systems
[10.655s] INFO:colcon.colcon_notification.desktop_notification:Sending desktop notification using 'notify2'
[10.657s] DEBUG:colcon.colcon_notification.desktop_notification.notify2:Failed to initialize notify2: org.freedesktop.DBus.Error.ServiceUnknown: The name org.freedesktop.Notifications was not provided by any .service files
[10.657s] DEBUG:colcon.colcon_core.event_reactor:joined thread
[10.658s] INFO:colcon.colcon_core.shell:Creating prefix script '/home/neusvegasm/gitrepo/exercises/rp_03_ros_basics/install/local_setup.ps1'
[10.659s] INFO:colcon.colcon_core.shell:Creating prefix util module '/home/neusvegasm/gitrepo/exercises/rp_03_ros_basics/install/_local_setup_util_ps1.py'
[10.661s] INFO:colcon.colcon_core.shell:Creating prefix chain script '/home/neusvegasm/gitrepo/exercises/rp_03_ros_basics/install/setup.ps1'
[10.662s] INFO:colcon.colcon_core.shell:Creating prefix script '/home/neusvegasm/gitrepo/exercises/rp_03_ros_basics/install/local_setup.sh'
[10.663s] INFO:colcon.colcon_core.shell:Creating prefix util module '/home/neusvegasm/gitrepo/exercises/rp_03_ros_basics/install/_local_setup_util_sh.py'
[10.664s] INFO:colcon.colcon_core.shell:Creating prefix chain script '/home/neusvegasm/gitrepo/exercises/rp_03_ros_basics/install/setup.sh'
[10.665s] INFO:colcon.colcon_core.shell:Creating prefix script '/home/neusvegasm/gitrepo/exercises/rp_03_ros_basics/install/local_setup.bash'
[10.666s] INFO:colcon.colcon_core.shell:Creating prefix chain script '/home/neusvegasm/gitrepo/exercises/rp_03_ros_basics/install/setup.bash'
[10.667s] INFO:colcon.colcon_core.shell:Creating prefix script '/home/neusvegasm/gitrepo/exercises/rp_03_ros_basics/install/local_setup.zsh'
[10.667s] INFO:colcon.colcon_core.shell:Creating prefix chain script '/home/neusvegasm/gitrepo/exercises/rp_03_ros_basics/install/setup.zsh'
