[0.013s] Invoking command in '/home/neusvegasm/gitrepo/exercises/rp_03_ros_basics/build/rp_simple_controller': CMAKE_PREFIX_PATH=${CMAKE_PREFIX_PATH}:/opt/ros/humble /usr/bin/cmake --build /home/neusvegasm/gitrepo/exercises/rp_03_ros_basics/build/rp_simple_controller -- -j8 -l8
[0.053s] [35m[1mConsolidate compiler generated dependencies of target turtle_square[0m
[0.071s] [ 50%] [32mBuilding CXX object CMakeFiles/turtle_square.dir/src/turtle_square.cpp.o[0m
[9.278s] [100%] [32m[1mLinking CXX executable turtle_square[0m
[9.940s] [100%] Built target turtle_square
[9.954s] Invoked command in '/home/neusvegasm/gitrepo/exercises/rp_03_ros_basics/build/rp_simple_controller' returned '0': CMAKE_PREFIX_PATH=${CMAKE_PREFIX_PATH}:/opt/ros/humble /usr/bin/cmake --build /home/neusvegasm/gitrepo/exercises/rp_03_ros_basics/build/rp_simple_controller -- -j8 -l8
[10.002s] Invoking command in '/home/neusvegasm/gitrepo/exercises/rp_03_ros_basics/build/rp_simple_controller': CMAKE_PREFIX_PATH=${CMAKE_PREFIX_PATH}:/opt/ros/humble /usr/bin/cmake --install /home/neusvegasm/gitrepo/exercises/rp_03_ros_basics/build/rp_simple_controller
[10.010s] -- Install configuration: ""
[10.011s] -- Installing: /home/neusvegasm/gitrepo/exercises/rp_03_ros_basics/install/rp_simple_controller/lib/rp_simple_controller/turtle_square
[10.015s] -- Set runtime path of "/home/neusvegasm/gitrepo/exercises/rp_03_ros_basics/install/rp_simple_controller/lib/rp_simple_controller/turtle_square" to ""
[10.015s] -- Up-to-date: /home/neusvegasm/gitrepo/exercises/rp_03_ros_basics/install/rp_simple_controller/share/ament_index/resource_index/package_run_dependencies/rp_simple_controller
[10.016s] -- Up-to-date: /home/neusvegasm/gitrepo/exercises/rp_03_ros_basics/install/rp_simple_controller/share/ament_index/resource_index/parent_prefix_path/rp_simple_controller
[10.016s] -- Up-to-date: /home/neusvegasm/gitrepo/exercises/rp_03_ros_basics/install/rp_simple_controller/share/rp_simple_controller/environment/ament_prefix_path.sh
[10.016s] -- Up-to-date: /home/neusvegasm/gitrepo/exercises/rp_03_ros_basics/install/rp_simple_controller/share/rp_simple_controller/environment/ament_prefix_path.dsv
[10.017s] -- Up-to-date: /home/neusvegasm/gitrepo/exercises/rp_03_ros_basics/install/rp_simple_controller/share/rp_simple_controller/environment/path.sh
[10.017s] -- Up-to-date: /home/neusvegasm/gitrepo/exercises/rp_03_ros_basics/install/rp_simple_controller/share/rp_simple_controller/environment/path.dsv
[10.017s] -- Up-to-date: /home/neusvegasm/gitrepo/exercises/rp_03_ros_basics/install/rp_simple_controller/share/rp_simple_controller/local_setup.bash
[10.017s] -- Up-to-date: /home/neusvegasm/gitrepo/exercises/rp_03_ros_basics/install/rp_simple_controller/share/rp_simple_controller/local_setup.sh
[10.017s] -- Up-to-date: /home/neusvegasm/gitrepo/exercises/rp_03_ros_basics/install/rp_simple_controller/share/rp_simple_controller/local_setup.zsh
[10.017s] -- Up-to-date: /home/neusvegasm/gitrepo/exercises/rp_03_ros_basics/install/rp_simple_controller/share/rp_simple_controller/local_setup.dsv
[10.017s] -- Installing: /home/neusvegasm/gitrepo/exercises/rp_03_ros_basics/install/rp_simple_controller/share/rp_simple_controller/package.dsv
[10.017s] -- Up-to-date: /home/neusvegasm/gitrepo/exercises/rp_03_ros_basics/install/rp_simple_controller/share/ament_index/resource_index/packages/rp_simple_controller
[10.017s] -- Up-to-date: /home/neusvegasm/gitrepo/exercises/rp_03_ros_basics/install/rp_simple_controller/share/rp_simple_controller/cmake/rp_simple_controllerConfig.cmake
[10.018s] -- Up-to-date: /home/neusvegasm/gitrepo/exercises/rp_03_ros_basics/install/rp_simple_controller/share/rp_simple_controller/cmake/rp_simple_controllerConfig-version.cmake
[10.018s] -- Up-to-date: /home/neusvegasm/gitrepo/exercises/rp_03_ros_basics/install/rp_simple_controller/share/rp_simple_controller/package.xml
[10.020s] Invoked command in '/home/neusvegasm/gitrepo/exercises/rp_03_ros_basics/build/rp_simple_controller' returned '0': CMAKE_PREFIX_PATH=${CMAKE_PREFIX_PATH}:/opt/ros/humble /usr/bin/cmake --install /home/neusvegasm/gitrepo/exercises/rp_03_ros_basics/build/rp_simple_controller
