[-0.322s] DEBUG:colcon:Command line arguments: ['/usr/bin/colcon', 'build']
[-0.322s] DEBUG:colcon:Parsed command line arguments: Namespace(log_base=None, log_level=None, verb_name='build', build_base='build', install_base='install', merge_install=False, symlink_install=False, test_result_base=None, continue_on_error=False, executor='parallel', parallel_workers=8, event_handlers=None, ignore_user_meta=False, metas=['./colcon.meta'], base_paths=['.'], packages_ignore=None, packages_ignore_regex=None, paths=None, packages_up_to=None, packages_up_to_regex=None, packages_above=None, packages_above_and_dependencies=None, packages_above_depth=None, packages_select_by_dep=None, packages_skip_by_dep=None, packages_skip_up_to=None, packages_select_build_failed=False, packages_skip_build_finished=False, packages_select_test_failures=False, packages_skip_test_passed=False, packages_select=None, packages_skip=None, packages_select_regex=None, packages_skip_regex=None, packages_start=None, packages_end=None, allow_overriding=[], cmake_args=None, cmake_target=None, cmake_target_skip_unavailable=False, cmake_clean_cache=False, cmake_clean_first=False, cmake_force_configure=False, ament_cmake_args=None, catkin_cmake_args=None, catkin_skip_building_tests=False, mixin_files=None, mixin=None, verb_parser=<colcon_mixin.mixin.mixin_argument.MixinArgumentDecorator object at 0x7f2502f45ab0>, verb_extension=<colcon_core.verb.build.BuildVerb object at 0x7f2502f45330>, main=<bound method BuildVerb.main of <colcon_core.verb.build.BuildVerb object at 0x7f2502f45330>>, mixin_verb=('build',))
[0.265s] Level 1:colcon.colcon_core.package_discovery:discover_packages(colcon_meta) check parameters
[0.266s] Level 1:colcon.colcon_core.package_discovery:discover_packages(recursive) check parameters
[0.266s] Level 1:colcon.colcon_core.package_discovery:discover_packages(ignore) check parameters
[0.266s] Level 1:colcon.colcon_core.package_discovery:discover_packages(path) check parameters
[0.266s] Level 1:colcon.colcon_core.package_discovery:discover_packages(colcon_meta) discover
[0.266s] Level 1:colcon.colcon_core.package_discovery:discover_packages(recursive) discover
[0.266s] INFO:colcon.colcon_core.package_discovery:Crawling recursively for packages in '/home/neusvegasm/github/robot_progamming/exercises/rp_03_ros_basics'
[0.266s] Level 1:colcon.colcon_core.package_identification:_identify(.) by extensions ['ignore', 'ignore_ament_install']
[0.266s] Level 1:colcon.colcon_core.package_identification:_identify(.) by extension 'ignore'
[0.266s] Level 1:colcon.colcon_core.package_identification:_identify(.) by extension 'ignore_ament_install'
[0.267s] Level 1:colcon.colcon_core.package_identification:_identify(.) by extensions ['colcon_pkg']
[0.267s] Level 1:colcon.colcon_core.package_identification:_identify(.) by extension 'colcon_pkg'
[0.267s] Level 1:colcon.colcon_core.package_identification:_identify(.) by extensions ['colcon_meta']
[0.267s] Level 1:colcon.colcon_core.package_identification:_identify(.) by extension 'colcon_meta'
[0.267s] Level 1:colcon.colcon_core.package_identification:_identify(.) by extensions ['ros']
[0.267s] Level 1:colcon.colcon_core.package_identification:_identify(.) by extension 'ros'
[0.292s] Level 1:colcon.colcon_core.package_identification:_identify(.) by extensions ['cmake', 'python']
[0.292s] Level 1:colcon.colcon_core.package_identification:_identify(.) by extension 'cmake'
[0.292s] Level 1:colcon.colcon_core.package_identification:_identify(.) by extension 'python'
[0.293s] Level 1:colcon.colcon_core.package_identification:_identify(.) by extensions ['python_setup_py']
[0.293s] Level 1:colcon.colcon_core.package_identification:_identify(.) by extension 'python_setup_py'
[0.293s] Level 1:colcon.colcon_core.package_identification:_identify(build) by extensions ['ignore', 'ignore_ament_install']
[0.293s] Level 1:colcon.colcon_core.package_identification:_identify(build) by extension 'ignore'
[0.293s] Level 1:colcon.colcon_core.package_identification:_identify(build) ignored
[0.293s] Level 1:colcon.colcon_core.package_identification:_identify(install) by extensions ['ignore', 'ignore_ament_install']
[0.293s] Level 1:colcon.colcon_core.package_identification:_identify(install) by extension 'ignore'
[0.293s] Level 1:colcon.colcon_core.package_identification:_identify(install) ignored
[0.294s] Level 1:colcon.colcon_core.package_identification:_identify(log) by extensions ['ignore', 'ignore_ament_install']
[0.294s] Level 1:colcon.colcon_core.package_identification:_identify(log) by extension 'ignore'
[0.294s] Level 1:colcon.colcon_core.package_identification:_identify(log) ignored
[0.295s] Level 1:colcon.colcon_core.package_identification:_identify(src) by extensions ['ignore', 'ignore_ament_install']
[0.295s] Level 1:colcon.colcon_core.package_identification:_identify(src) by extension 'ignore'
[0.295s] Level 1:colcon.colcon_core.package_identification:_identify(src) by extension 'ignore_ament_install'
[0.295s] Level 1:colcon.colcon_core.package_identification:_identify(src) by extensions ['colcon_pkg']
[0.295s] Level 1:colcon.colcon_core.package_identification:_identify(src) by extension 'colcon_pkg'
[0.295s] Level 1:colcon.colcon_core.package_identification:_identify(src) by extensions ['colcon_meta']
[0.295s] Level 1:colcon.colcon_core.package_identification:_identify(src) by extension 'colcon_meta'
[0.295s] Level 1:colcon.colcon_core.package_identification:_identify(src) by extensions ['ros']
[0.295s] Level 1:colcon.colcon_core.package_identification:_identify(src) by extension 'ros'
[0.295s] Level 1:colcon.colcon_core.package_identification:_identify(src) by extensions ['cmake', 'python']
[0.295s] Level 1:colcon.colcon_core.package_identification:_identify(src) by extension 'cmake'
[0.296s] Level 1:colcon.colcon_core.package_identification:_identify(src) by extension 'python'
[0.296s] Level 1:colcon.colcon_core.package_identification:_identify(src) by extensions ['python_setup_py']
[0.296s] Level 1:colcon.colcon_core.package_identification:_identify(src) by extension 'python_setup_py'
[0.296s] Level 1:colcon.colcon_core.package_identification:_identify(src/build) by extensions ['ignore', 'ignore_ament_install']
[0.297s] Level 1:colcon.colcon_core.package_identification:_identify(src/build) by extension 'ignore'
[0.297s] Level 1:colcon.colcon_core.package_identification:_identify(src/build) ignored
[0.297s] Level 1:colcon.colcon_core.package_identification:_identify(src/install) by extensions ['ignore', 'ignore_ament_install']
[0.298s] Level 1:colcon.colcon_core.package_identification:_identify(src/install) by extension 'ignore'
[0.298s] Level 1:colcon.colcon_core.package_identification:_identify(src/install) ignored
[0.298s] Level 1:colcon.colcon_core.package_identification:_identify(src/log) by extensions ['ignore', 'ignore_ament_install']
[0.299s] Level 1:colcon.colcon_core.package_identification:_identify(src/log) by extension 'ignore'
[0.299s] Level 1:colcon.colcon_core.package_identification:_identify(src/log) ignored
[0.299s] Level 1:colcon.colcon_core.package_identification:_identify(src/rp_simple_controller) by extensions ['ignore', 'ignore_ament_install']
[0.300s] Level 1:colcon.colcon_core.package_identification:_identify(src/rp_simple_controller) by extension 'ignore'
[0.300s] Level 1:colcon.colcon_core.package_identification:_identify(src/rp_simple_controller) by extension 'ignore_ament_install'
[0.300s] Level 1:colcon.colcon_core.package_identification:_identify(src/rp_simple_controller) by extensions ['colcon_pkg']
[0.300s] Level 1:colcon.colcon_core.package_identification:_identify(src/rp_simple_controller) by extension 'colcon_pkg'
[0.300s] Level 1:colcon.colcon_core.package_identification:_identify(src/rp_simple_controller) by extensions ['colcon_meta']
[0.300s] Level 1:colcon.colcon_core.package_identification:_identify(src/rp_simple_controller) by extension 'colcon_meta'
[0.300s] Level 1:colcon.colcon_core.package_identification:_identify(src/rp_simple_controller) by extensions ['ros']
[0.300s] Level 1:colcon.colcon_core.package_identification:_identify(src/rp_simple_controller) by extension 'ros'
[0.308s] DEBUG:colcon.colcon_core.package_identification:Package 'src/rp_simple_controller' with type 'ros.ament_cmake' and name 'rp_simple_controller'
[0.308s] Level 1:colcon.colcon_core.package_discovery:discover_packages(recursive) using defaults
[0.308s] Level 1:colcon.colcon_core.package_discovery:discover_packages(ignore) discover
[0.308s] Level 1:colcon.colcon_core.package_discovery:discover_packages(ignore) using defaults
[0.308s] Level 1:colcon.colcon_core.package_discovery:discover_packages(path) discover
[0.308s] Level 1:colcon.colcon_core.package_discovery:discover_packages(path) using defaults
[0.369s] Level 1:colcon.colcon_core.package_discovery:discover_packages(prefix_path) check parameters
[0.369s] Level 1:colcon.colcon_core.package_discovery:discover_packages(prefix_path) discover
[0.382s] DEBUG:colcon.colcon_installed_package_information.package_discovery:Found 270 installed packages in /opt/ros/humble
[0.384s] Level 1:colcon.colcon_core.package_discovery:discover_packages(prefix_path) using defaults
[0.516s] Level 5:colcon.colcon_core.verb:set package 'rp_simple_controller' build argument 'cmake_args' from command line to 'None'
[0.516s] Level 5:colcon.colcon_core.verb:set package 'rp_simple_controller' build argument 'cmake_target' from command line to 'None'
[0.516s] Level 5:colcon.colcon_core.verb:set package 'rp_simple_controller' build argument 'cmake_target_skip_unavailable' from command line to 'False'
[0.516s] Level 5:colcon.colcon_core.verb:set package 'rp_simple_controller' build argument 'cmake_clean_cache' from command line to 'False'
[0.516s] Level 5:colcon.colcon_core.verb:set package 'rp_simple_controller' build argument 'cmake_clean_first' from command line to 'False'
[0.516s] Level 5:colcon.colcon_core.verb:set package 'rp_simple_controller' build argument 'cmake_force_configure' from command line to 'False'
[0.516s] Level 5:colcon.colcon_core.verb:set package 'rp_simple_controller' build argument 'ament_cmake_args' from command line to 'None'
[0.516s] Level 5:colcon.colcon_core.verb:set package 'rp_simple_controller' build argument 'catkin_cmake_args' from command line to 'None'
[0.516s] Level 5:colcon.colcon_core.verb:set package 'rp_simple_controller' build argument 'catkin_skip_building_tests' from command line to 'False'
[0.517s] DEBUG:colcon.colcon_core.verb:Building package 'rp_simple_controller' with the following arguments: {'ament_cmake_args': None, 'build_base': '/home/neusvegasm/github/robot_progamming/exercises/rp_03_ros_basics/build/rp_simple_controller', 'catkin_cmake_args': None, 'catkin_skip_building_tests': False, 'cmake_args': None, 'cmake_clean_cache': False, 'cmake_clean_first': False, 'cmake_force_configure': False, 'cmake_target': None, 'cmake_target_skip_unavailable': False, 'install_base': '/home/neusvegasm/github/robot_progamming/exercises/rp_03_ros_basics/install/rp_simple_controller', 'merge_install': False, 'path': '/home/neusvegasm/github/robot_progamming/exercises/rp_03_ros_basics/src/rp_simple_controller', 'symlink_install': False, 'test_result_base': None}
[0.517s] INFO:colcon.colcon_core.executor:Executing jobs using 'parallel' executor
[0.518s] DEBUG:colcon.colcon_parallel_executor.executor.parallel:run_until_complete
[0.519s] INFO:colcon.colcon_ros.task.ament_cmake.build:Building ROS package in '/home/neusvegasm/github/robot_progamming/exercises/rp_03_ros_basics/src/rp_simple_controller' with build type 'ament_cmake'
[0.519s] INFO:colcon.colcon_cmake.task.cmake.build:Building CMake package in '/home/neusvegasm/github/robot_progamming/exercises/rp_03_ros_basics/src/rp_simple_controller'
[0.528s] INFO:colcon.colcon_core.plugin_system:Skipping extension 'colcon_core.shell.bat': Not used on non-Windows systems
[0.528s] INFO:colcon.colcon_core.shell:Skip shell extension 'powershell' for command environment: Not usable outside of PowerShell
[0.528s] DEBUG:colcon.colcon_core.shell:Skip shell extension 'dsv' for command environment
[0.542s] DEBUG:colcon.colcon_core.event_handler.log_command:Invoking command in '/home/neusvegasm/github/robot_progamming/exercises/rp_03_ros_basics/build/rp_simple_controller': CMAKE_PREFIX_PATH=/opt/ros/humble /usr/bin/cmake /home/neusvegasm/github/robot_progamming/exercises/rp_03_ros_basics/src/rp_simple_controller -DCMAKE_INSTALL_PREFIX=/home/neusvegasm/github/robot_progamming/exercises/rp_03_ros_basics/install/rp_simple_controller
[13.761s] DEBUG:colcon.colcon_core.event_handler.log_command:Invoked command in '/home/neusvegasm/github/robot_progamming/exercises/rp_03_ros_basics/build/rp_simple_controller' returned '0': CMAKE_PREFIX_PATH=/opt/ros/humble /usr/bin/cmake /home/neusvegasm/github/robot_progamming/exercises/rp_03_ros_basics/src/rp_simple_controller -DCMAKE_INSTALL_PREFIX=/home/neusvegasm/github/robot_progamming/exercises/rp_03_ros_basics/install/rp_simple_controller
[13.764s] DEBUG:colcon.colcon_core.event_handler.log_command:Invoking command in '/home/neusvegasm/github/robot_progamming/exercises/rp_03_ros_basics/build/rp_simple_controller': CMAKE_PREFIX_PATH=/opt/ros/humble /usr/bin/cmake --build /home/neusvegasm/github/robot_progamming/exercises/rp_03_ros_basics/build/rp_simple_controller -- -j8 -l8
[29.173s] DEBUG:colcon.colcon_core.event_handler.log_command:Invoked command in '/home/neusvegasm/github/robot_progamming/exercises/rp_03_ros_basics/build/rp_simple_controller' returned '0': CMAKE_PREFIX_PATH=/opt/ros/humble /usr/bin/cmake --build /home/neusvegasm/github/robot_progamming/exercises/rp_03_ros_basics/build/rp_simple_controller -- -j8 -l8
[29.230s] DEBUG:colcon.colcon_core.event_handler.log_command:Invoking command in '/home/neusvegasm/github/robot_progamming/exercises/rp_03_ros_basics/build/rp_simple_controller': CMAKE_PREFIX_PATH=/opt/ros/humble /usr/bin/cmake --install /home/neusvegasm/github/robot_progamming/exercises/rp_03_ros_basics/build/rp_simple_controller
[29.257s] Level 1:colcon.colcon_core.environment:create_environment_scripts_only(rp_simple_controller)
[29.259s] DEBUG:colcon.colcon_core.event_handler.log_command:Invoked command in '/home/neusvegasm/github/robot_progamming/exercises/rp_03_ros_basics/build/rp_simple_controller' returned '0': CMAKE_PREFIX_PATH=/opt/ros/humble /usr/bin/cmake --install /home/neusvegasm/github/robot_progamming/exercises/rp_03_ros_basics/build/rp_simple_controller
[29.269s] Level 1:colcon.colcon_core.environment:checking '/home/neusvegasm/github/robot_progamming/exercises/rp_03_ros_basics/install/rp_simple_controller' for CMake module files
[29.270s] Level 1:colcon.colcon_core.environment:checking '/home/neusvegasm/github/robot_progamming/exercises/rp_03_ros_basics/install/rp_simple_controller' for CMake config files
[29.270s] Level 1:colcon.colcon_core.shell:create_environment_hook('rp_simple_controller', 'cmake_prefix_path')
[29.270s] INFO:colcon.colcon_core.shell:Creating environment hook '/home/neusvegasm/github/robot_progamming/exercises/rp_03_ros_basics/install/rp_simple_controller/share/rp_simple_controller/hook/cmake_prefix_path.ps1'
[29.272s] INFO:colcon.colcon_core.shell:Creating environment descriptor '/home/neusvegasm/github/robot_progamming/exercises/rp_03_ros_basics/install/rp_simple_controller/share/rp_simple_controller/hook/cmake_prefix_path.dsv'
[29.273s] INFO:colcon.colcon_core.shell:Creating environment hook '/home/neusvegasm/github/robot_progamming/exercises/rp_03_ros_basics/install/rp_simple_controller/share/rp_simple_controller/hook/cmake_prefix_path.sh'
[29.275s] Level 1:colcon.colcon_core.environment:checking '/home/neusvegasm/github/robot_progamming/exercises/rp_03_ros_basics/install/rp_simple_controller/lib'
[29.276s] Level 1:colcon.colcon_core.environment:checking '/home/neusvegasm/github/robot_progamming/exercises/rp_03_ros_basics/install/rp_simple_controller/bin'
[29.276s] Level 1:colcon.colcon_core.environment:checking '/home/neusvegasm/github/robot_progamming/exercises/rp_03_ros_basics/install/rp_simple_controller/lib/pkgconfig/rp_simple_controller.pc'
[29.276s] Level 1:colcon.colcon_core.environment:checking '/home/neusvegasm/github/robot_progamming/exercises/rp_03_ros_basics/install/rp_simple_controller/lib/python3.10/site-packages'
[29.277s] Level 1:colcon.colcon_core.environment:checking '/home/neusvegasm/github/robot_progamming/exercises/rp_03_ros_basics/install/rp_simple_controller/bin'
[29.277s] INFO:colcon.colcon_core.shell:Creating package script '/home/neusvegasm/github/robot_progamming/exercises/rp_03_ros_basics/install/rp_simple_controller/share/rp_simple_controller/package.ps1'
[29.279s] INFO:colcon.colcon_core.shell:Creating package descriptor '/home/neusvegasm/github/robot_progamming/exercises/rp_03_ros_basics/install/rp_simple_controller/share/rp_simple_controller/package.dsv'
[29.280s] INFO:colcon.colcon_core.shell:Creating package script '/home/neusvegasm/github/robot_progamming/exercises/rp_03_ros_basics/install/rp_simple_controller/share/rp_simple_controller/package.sh'
[29.281s] INFO:colcon.colcon_core.shell:Creating package script '/home/neusvegasm/github/robot_progamming/exercises/rp_03_ros_basics/install/rp_simple_controller/share/rp_simple_controller/package.bash'
[29.283s] INFO:colcon.colcon_core.shell:Creating package script '/home/neusvegasm/github/robot_progamming/exercises/rp_03_ros_basics/install/rp_simple_controller/share/rp_simple_controller/package.zsh'
[29.285s] Level 1:colcon.colcon_core.environment:create_file_with_runtime_dependencies(/home/neusvegasm/github/robot_progamming/exercises/rp_03_ros_basics/install/rp_simple_controller/share/colcon-core/packages/rp_simple_controller)
[29.332s] Level 1:colcon.colcon_core.environment:create_environment_scripts_only(rp_simple_controller)
[29.333s] Level 1:colcon.colcon_core.environment:checking '/home/neusvegasm/github/robot_progamming/exercises/rp_03_ros_basics/install/rp_simple_controller' for CMake module files
[29.334s] Level 1:colcon.colcon_core.environment:checking '/home/neusvegasm/github/robot_progamming/exercises/rp_03_ros_basics/install/rp_simple_controller' for CMake config files
[29.334s] Level 1:colcon.colcon_core.shell:create_environment_hook('rp_simple_controller', 'cmake_prefix_path')
[29.335s] INFO:colcon.colcon_core.shell:Creating environment hook '/home/neusvegasm/github/robot_progamming/exercises/rp_03_ros_basics/install/rp_simple_controller/share/rp_simple_controller/hook/cmake_prefix_path.ps1'
[29.336s] INFO:colcon.colcon_core.shell:Creating environment descriptor '/home/neusvegasm/github/robot_progamming/exercises/rp_03_ros_basics/install/rp_simple_controller/share/rp_simple_controller/hook/cmake_prefix_path.dsv'
[29.336s] INFO:colcon.colcon_core.shell:Creating environment hook '/home/neusvegasm/github/robot_progamming/exercises/rp_03_ros_basics/install/rp_simple_controller/share/rp_simple_controller/hook/cmake_prefix_path.sh'
[29.337s] Level 1:colcon.colcon_core.environment:checking '/home/neusvegasm/github/robot_progamming/exercises/rp_03_ros_basics/install/rp_simple_controller/lib'
[29.338s] Level 1:colcon.colcon_core.environment:checking '/home/neusvegasm/github/robot_progamming/exercises/rp_03_ros_basics/install/rp_simple_controller/bin'
[29.338s] Level 1:colcon.colcon_core.environment:checking '/home/neusvegasm/github/robot_progamming/exercises/rp_03_ros_basics/install/rp_simple_controller/lib/pkgconfig/rp_simple_controller.pc'
[29.338s] Level 1:colcon.colcon_core.environment:checking '/home/neusvegasm/github/robot_progamming/exercises/rp_03_ros_basics/install/rp_simple_controller/lib/python3.10/site-packages'
[29.339s] Level 1:colcon.colcon_core.environment:checking '/home/neusvegasm/github/robot_progamming/exercises/rp_03_ros_basics/install/rp_simple_controller/bin'
[29.339s] INFO:colcon.colcon_core.shell:Creating package script '/home/neusvegasm/github/robot_progamming/exercises/rp_03_ros_basics/install/rp_simple_controller/share/rp_simple_controller/package.ps1'
[29.340s] INFO:colcon.colcon_core.shell:Creating package descriptor '/home/neusvegasm/github/robot_progamming/exercises/rp_03_ros_basics/install/rp_simple_controller/share/rp_simple_controller/package.dsv'
[29.341s] INFO:colcon.colcon_core.shell:Creating package script '/home/neusvegasm/github/robot_progamming/exercises/rp_03_ros_basics/install/rp_simple_controller/share/rp_simple_controller/package.sh'
[29.342s] INFO:colcon.colcon_core.shell:Creating package script '/home/neusvegasm/github/robot_progamming/exercises/rp_03_ros_basics/install/rp_simple_controller/share/rp_simple_controller/package.bash'
[29.343s] INFO:colcon.colcon_core.shell:Creating package script '/home/neusvegasm/github/robot_progamming/exercises/rp_03_ros_basics/install/rp_simple_controller/share/rp_simple_controller/package.zsh'
[29.345s] Level 1:colcon.colcon_core.environment:create_file_with_runtime_dependencies(/home/neusvegasm/github/robot_progamming/exercises/rp_03_ros_basics/install/rp_simple_controller/share/colcon-core/packages/rp_simple_controller)
[29.346s] DEBUG:colcon.colcon_parallel_executor.executor.parallel:closing loop
[29.348s] DEBUG:colcon.colcon_parallel_executor.executor.parallel:loop closed
[29.348s] DEBUG:colcon.colcon_parallel_executor.executor.parallel:run_until_complete finished with '0'
[29.348s] DEBUG:colcon.colcon_core.event_reactor:joining thread
[29.463s] INFO:colcon.colcon_core.plugin_system:Skipping extension 'colcon_notification.desktop_notification.notify_send': Could not find 'notify-send'
[29.463s] INFO:colcon.colcon_core.plugin_system:Skipping extension 'colcon_notification.desktop_notification.terminal_notifier': Not used on non-Darwin systems
[29.463s] INFO:colcon.colcon_core.plugin_system:Skipping extension 'colcon_notification.desktop_notification.win32': Not used on non-Windows systems
[29.463s] INFO:colcon.colcon_notification.desktop_notification:Sending desktop notification using 'notify2'
[29.467s] DEBUG:colcon.colcon_notification.desktop_notification.notify2:Failed to initialize notify2: org.freedesktop.DBus.Error.ServiceUnknown: The name org.freedesktop.Notifications was not provided by any .service files
[29.467s] DEBUG:colcon.colcon_core.event_reactor:joined thread
[29.468s] INFO:colcon.colcon_core.shell:Creating prefix script '/home/neusvegasm/github/robot_progamming/exercises/rp_03_ros_basics/install/local_setup.ps1'
[29.470s] INFO:colcon.colcon_core.shell:Creating prefix util module '/home/neusvegasm/github/robot_progamming/exercises/rp_03_ros_basics/install/_local_setup_util_ps1.py'
[29.472s] INFO:colcon.colcon_core.shell:Creating prefix chain script '/home/neusvegasm/github/robot_progamming/exercises/rp_03_ros_basics/install/setup.ps1'
[29.475s] INFO:colcon.colcon_core.shell:Creating prefix script '/home/neusvegasm/github/robot_progamming/exercises/rp_03_ros_basics/install/local_setup.sh'
[29.476s] INFO:colcon.colcon_core.shell:Creating prefix util module '/home/neusvegasm/github/robot_progamming/exercises/rp_03_ros_basics/install/_local_setup_util_sh.py'
[29.477s] INFO:colcon.colcon_core.shell:Creating prefix chain script '/home/neusvegasm/github/robot_progamming/exercises/rp_03_ros_basics/install/setup.sh'
[29.479s] INFO:colcon.colcon_core.shell:Creating prefix script '/home/neusvegasm/github/robot_progamming/exercises/rp_03_ros_basics/install/local_setup.bash'
[29.480s] INFO:colcon.colcon_core.shell:Creating prefix chain script '/home/neusvegasm/github/robot_progamming/exercises/rp_03_ros_basics/install/setup.bash'
[29.482s] INFO:colcon.colcon_core.shell:Creating prefix script '/home/neusvegasm/github/robot_progamming/exercises/rp_03_ros_basics/install/local_setup.zsh'
[29.483s] INFO:colcon.colcon_core.shell:Creating prefix chain script '/home/neusvegasm/github/robot_progamming/exercises/rp_03_ros_basics/install/setup.zsh'
