[0.432s] DEBUG:colcon:Command line arguments: ['/usr/bin/colcon', 'build']
[0.433s] DEBUG:colcon:Parsed command line arguments: Namespace(log_base=None, log_level=None, verb_name='build', build_base='build', install_base='install', merge_install=False, symlink_install=False, test_result_base=None, continue_on_error=False, executor='parallel', parallel_workers=8, event_handlers=None, ignore_user_meta=False, metas=['./colcon.meta'], base_paths=['.'], packages_ignore=None, packages_ignore_regex=None, paths=None, packages_up_to=None, packages_up_to_regex=None, packages_above=None, packages_above_and_dependencies=None, packages_above_depth=None, packages_select_by_dep=None, packages_skip_by_dep=None, packages_skip_up_to=None, packages_select_build_failed=False, packages_skip_build_finished=False, packages_select_test_failures=False, packages_skip_test_passed=False, packages_select=None, packages_skip=None, packages_select_regex=None, packages_skip_regex=None, packages_start=None, packages_end=None, allow_overriding=[], cmake_args=None, cmake_target=None, cmake_target_skip_unavailable=False, cmake_clean_cache=False, cmake_clean_first=False, cmake_force_configure=False, ament_cmake_args=None, catkin_cmake_args=None, catkin_skip_building_tests=False, mixin_files=None, mixin=None, verb_parser=<colcon_mixin.mixin.mixin_argument.MixinArgumentDecorator object at 0x7f7d717bd5a0>, verb_extension=<colcon_core.verb.build.BuildVerb object at 0x7f7d717bce20>, main=<bound method BuildVerb.main of <colcon_core.verb.build.BuildVerb object at 0x7f7d717bce20>>, mixin_verb=('build',))
[0.805s] Level 1:colcon.colcon_core.package_discovery:discover_packages(colcon_meta) check parameters
[0.805s] Level 1:colcon.colcon_core.package_discovery:discover_packages(recursive) check parameters
[0.805s] Level 1:colcon.colcon_core.package_discovery:discover_packages(ignore) check parameters
[0.805s] Level 1:colcon.colcon_core.package_discovery:discover_packages(path) check parameters
[0.805s] Level 1:colcon.colcon_core.package_discovery:discover_packages(colcon_meta) discover
[0.805s] Level 1:colcon.colcon_core.package_discovery:discover_packages(recursive) discover
[0.805s] INFO:colcon.colcon_core.package_discovery:Crawling recursively for packages in '/home/neusvegasm/github/robot_progamming/exercises/rp_03_ros_basics/src'
[0.805s] Level 1:colcon.colcon_core.package_identification:_identify(.) by extensions ['ignore', 'ignore_ament_install']
[0.805s] Level 1:colcon.colcon_core.package_identification:_identify(.) by extension 'ignore'
[0.806s] Level 1:colcon.colcon_core.package_identification:_identify(.) by extension 'ignore_ament_install'
[0.806s] Level 1:colcon.colcon_core.package_identification:_identify(.) by extensions ['colcon_pkg']
[0.806s] Level 1:colcon.colcon_core.package_identification:_identify(.) by extension 'colcon_pkg'
[0.806s] Level 1:colcon.colcon_core.package_identification:_identify(.) by extensions ['colcon_meta']
[0.806s] Level 1:colcon.colcon_core.package_identification:_identify(.) by extension 'colcon_meta'
[0.806s] Level 1:colcon.colcon_core.package_identification:_identify(.) by extensions ['ros']
[0.806s] Level 1:colcon.colcon_core.package_identification:_identify(.) by extension 'ros'
[0.830s] Level 1:colcon.colcon_core.package_identification:_identify(.) by extensions ['cmake', 'python']
[0.830s] Level 1:colcon.colcon_core.package_identification:_identify(.) by extension 'cmake'
[0.830s] Level 1:colcon.colcon_core.package_identification:_identify(.) by extension 'python'
[0.830s] Level 1:colcon.colcon_core.package_identification:_identify(.) by extensions ['python_setup_py']
[0.830s] Level 1:colcon.colcon_core.package_identification:_identify(.) by extension 'python_setup_py'
[0.830s] Level 1:colcon.colcon_core.package_identification:_identify(build) by extensions ['ignore', 'ignore_ament_install']
[0.830s] Level 1:colcon.colcon_core.package_identification:_identify(build) by extension 'ignore'
[0.830s] Level 1:colcon.colcon_core.package_identification:_identify(build) ignored
[0.830s] Level 1:colcon.colcon_core.package_identification:_identify(install) by extensions ['ignore', 'ignore_ament_install']
[0.831s] Level 1:colcon.colcon_core.package_identification:_identify(install) by extension 'ignore'
[0.831s] Level 1:colcon.colcon_core.package_identification:_identify(install) ignored
[0.831s] Level 1:colcon.colcon_core.package_identification:_identify(log) by extensions ['ignore', 'ignore_ament_install']
[0.831s] Level 1:colcon.colcon_core.package_identification:_identify(log) by extension 'ignore'
[0.831s] Level 1:colcon.colcon_core.package_identification:_identify(log) ignored
[0.832s] Level 1:colcon.colcon_core.package_identification:_identify(rp_simple_controller) by extensions ['ignore', 'ignore_ament_install']
[0.832s] Level 1:colcon.colcon_core.package_identification:_identify(rp_simple_controller) by extension 'ignore'
[0.832s] Level 1:colcon.colcon_core.package_identification:_identify(rp_simple_controller) by extension 'ignore_ament_install'
[0.832s] Level 1:colcon.colcon_core.package_identification:_identify(rp_simple_controller) by extensions ['colcon_pkg']
[0.832s] Level 1:colcon.colcon_core.package_identification:_identify(rp_simple_controller) by extension 'colcon_pkg'
[0.832s] Level 1:colcon.colcon_core.package_identification:_identify(rp_simple_controller) by extensions ['colcon_meta']
[0.832s] Level 1:colcon.colcon_core.package_identification:_identify(rp_simple_controller) by extension 'colcon_meta'
[0.832s] Level 1:colcon.colcon_core.package_identification:_identify(rp_simple_controller) by extensions ['ros']
[0.832s] Level 1:colcon.colcon_core.package_identification:_identify(rp_simple_controller) by extension 'ros'
[0.839s] DEBUG:colcon.colcon_core.package_identification:Package 'rp_simple_controller' with type 'ros.ament_cmake' and name 'rp_simple_controller'
[0.839s] Level 1:colcon.colcon_core.package_discovery:discover_packages(recursive) using defaults
[0.839s] Level 1:colcon.colcon_core.package_discovery:discover_packages(ignore) discover
[0.839s] Level 1:colcon.colcon_core.package_discovery:discover_packages(ignore) using defaults
[0.839s] Level 1:colcon.colcon_core.package_discovery:discover_packages(path) discover
[0.839s] Level 1:colcon.colcon_core.package_discovery:discover_packages(path) using defaults
[0.888s] Level 1:colcon.colcon_core.package_discovery:discover_packages(prefix_path) check parameters
[0.888s] Level 1:colcon.colcon_core.package_discovery:discover_packages(prefix_path) discover
[0.893s] Level 1:colcon.colcon_core.package_discovery:discover_packages(prefix_path) using defaults
[0.897s] Level 5:colcon.colcon_core.verb:set package 'rp_simple_controller' build argument 'cmake_args' from command line to 'None'
[0.897s] Level 5:colcon.colcon_core.verb:set package 'rp_simple_controller' build argument 'cmake_target' from command line to 'None'
[0.897s] Level 5:colcon.colcon_core.verb:set package 'rp_simple_controller' build argument 'cmake_target_skip_unavailable' from command line to 'False'
[0.897s] Level 5:colcon.colcon_core.verb:set package 'rp_simple_controller' build argument 'cmake_clean_cache' from command line to 'False'
[0.897s] Level 5:colcon.colcon_core.verb:set package 'rp_simple_controller' build argument 'cmake_clean_first' from command line to 'False'
[0.897s] Level 5:colcon.colcon_core.verb:set package 'rp_simple_controller' build argument 'cmake_force_configure' from command line to 'False'
[0.897s] Level 5:colcon.colcon_core.verb:set package 'rp_simple_controller' build argument 'ament_cmake_args' from command line to 'None'
[0.897s] Level 5:colcon.colcon_core.verb:set package 'rp_simple_controller' build argument 'catkin_cmake_args' from command line to 'None'
[0.897s] Level 5:colcon.colcon_core.verb:set package 'rp_simple_controller' build argument 'catkin_skip_building_tests' from command line to 'False'
[0.897s] DEBUG:colcon.colcon_core.verb:Building package 'rp_simple_controller' with the following arguments: {'ament_cmake_args': None, 'build_base': '/home/neusvegasm/github/robot_progamming/exercises/rp_03_ros_basics/src/build/rp_simple_controller', 'catkin_cmake_args': None, 'catkin_skip_building_tests': False, 'cmake_args': None, 'cmake_clean_cache': False, 'cmake_clean_first': False, 'cmake_force_configure': False, 'cmake_target': None, 'cmake_target_skip_unavailable': False, 'install_base': '/home/neusvegasm/github/robot_progamming/exercises/rp_03_ros_basics/src/install/rp_simple_controller', 'merge_install': False, 'path': '/home/neusvegasm/github/robot_progamming/exercises/rp_03_ros_basics/src/rp_simple_controller', 'symlink_install': False, 'test_result_base': None}
[0.897s] INFO:colcon.colcon_core.executor:Executing jobs using 'parallel' executor
[0.899s] DEBUG:colcon.colcon_parallel_executor.executor.parallel:run_until_complete
[0.899s] INFO:colcon.colcon_ros.task.ament_cmake.build:Building ROS package in '/home/neusvegasm/github/robot_progamming/exercises/rp_03_ros_basics/src/rp_simple_controller' with build type 'ament_cmake'
[0.899s] INFO:colcon.colcon_cmake.task.cmake.build:Building CMake package in '/home/neusvegasm/github/robot_progamming/exercises/rp_03_ros_basics/src/rp_simple_controller'
[0.908s] INFO:colcon.colcon_core.plugin_system:Skipping extension 'colcon_core.shell.bat': Not used on non-Windows systems
[0.908s] INFO:colcon.colcon_core.shell:Skip shell extension 'powershell' for command environment: Not usable outside of PowerShell
[0.909s] DEBUG:colcon.colcon_core.shell:Skip shell extension 'dsv' for command environment
[0.933s] DEBUG:colcon.colcon_core.event_handler.log_command:Invoking command in '/home/neusvegasm/github/robot_progamming/exercises/rp_03_ros_basics/src/build/rp_simple_controller': /usr/bin/cmake /home/neusvegasm/github/robot_progamming/exercises/rp_03_ros_basics/src/rp_simple_controller -DCMAKE_INSTALL_PREFIX=/home/neusvegasm/github/robot_progamming/exercises/rp_03_ros_basics/src/install/rp_simple_controller
[6.173s] DEBUG:colcon.colcon_core.event_handler.log_command:Invoked command in '/home/neusvegasm/github/robot_progamming/exercises/rp_03_ros_basics/src/build/rp_simple_controller' returned '1': /usr/bin/cmake /home/neusvegasm/github/robot_progamming/exercises/rp_03_ros_basics/src/rp_simple_controller -DCMAKE_INSTALL_PREFIX=/home/neusvegasm/github/robot_progamming/exercises/rp_03_ros_basics/src/install/rp_simple_controller
[6.194s] Level 1:colcon.colcon_core.environment:create_environment_scripts_only(rp_simple_controller)
[6.211s] Level 1:colcon.colcon_core.environment:checking '/home/neusvegasm/github/robot_progamming/exercises/rp_03_ros_basics/src/install/rp_simple_controller' for CMake module files
[6.211s] Level 1:colcon.colcon_core.environment:checking '/home/neusvegasm/github/robot_progamming/exercises/rp_03_ros_basics/src/install/rp_simple_controller' for CMake config files
[6.212s] Level 1:colcon.colcon_core.environment:checking '/home/neusvegasm/github/robot_progamming/exercises/rp_03_ros_basics/src/install/rp_simple_controller/bin'
[6.212s] Level 1:colcon.colcon_core.environment:checking '/home/neusvegasm/github/robot_progamming/exercises/rp_03_ros_basics/src/install/rp_simple_controller/lib/pkgconfig/rp_simple_controller.pc'
[6.219s] Level 1:colcon.colcon_core.environment:checking '/home/neusvegasm/github/robot_progamming/exercises/rp_03_ros_basics/src/install/rp_simple_controller/lib/python3.10/site-packages'
[6.219s] Level 1:colcon.colcon_core.environment:checking '/home/neusvegasm/github/robot_progamming/exercises/rp_03_ros_basics/src/install/rp_simple_controller/bin'
[6.220s] INFO:colcon.colcon_core.shell:Creating package script '/home/neusvegasm/github/robot_progamming/exercises/rp_03_ros_basics/src/install/rp_simple_controller/share/rp_simple_controller/package.ps1'
[6.223s] INFO:colcon.colcon_core.shell:Creating package descriptor '/home/neusvegasm/github/robot_progamming/exercises/rp_03_ros_basics/src/install/rp_simple_controller/share/rp_simple_controller/package.dsv'
[6.224s] INFO:colcon.colcon_core.shell:Creating package script '/home/neusvegasm/github/robot_progamming/exercises/rp_03_ros_basics/src/install/rp_simple_controller/share/rp_simple_controller/package.sh'
[6.226s] INFO:colcon.colcon_core.shell:Creating package script '/home/neusvegasm/github/robot_progamming/exercises/rp_03_ros_basics/src/install/rp_simple_controller/share/rp_simple_controller/package.bash'
[6.229s] INFO:colcon.colcon_core.shell:Creating package script '/home/neusvegasm/github/robot_progamming/exercises/rp_03_ros_basics/src/install/rp_simple_controller/share/rp_simple_controller/package.zsh'
[6.231s] Level 1:colcon.colcon_core.environment:create_file_with_runtime_dependencies(/home/neusvegasm/github/robot_progamming/exercises/rp_03_ros_basics/src/install/rp_simple_controller/share/colcon-core/packages/rp_simple_controller)
[6.242s] DEBUG:colcon.colcon_parallel_executor.executor.parallel:closing loop
[6.243s] DEBUG:colcon.colcon_parallel_executor.executor.parallel:loop closed
[6.243s] DEBUG:colcon.colcon_parallel_executor.executor.parallel:run_until_complete finished with '1'
[6.243s] DEBUG:colcon.colcon_core.event_reactor:joining thread
[6.363s] INFO:colcon.colcon_core.plugin_system:Skipping extension 'colcon_notification.desktop_notification.notify_send': Could not find 'notify-send'
[6.363s] INFO:colcon.colcon_core.plugin_system:Skipping extension 'colcon_notification.desktop_notification.terminal_notifier': Not used on non-Darwin systems
[6.363s] INFO:colcon.colcon_core.plugin_system:Skipping extension 'colcon_notification.desktop_notification.win32': Not used on non-Windows systems
[6.363s] INFO:colcon.colcon_notification.desktop_notification:Sending desktop notification using 'notify2'
[6.369s] DEBUG:colcon.colcon_notification.desktop_notification.notify2:Failed to initialize notify2: org.freedesktop.DBus.Error.ServiceUnknown: The name org.freedesktop.Notifications was not provided by any .service files
[6.369s] DEBUG:colcon.colcon_core.event_reactor:joined thread
[6.370s] INFO:colcon.colcon_core.shell:Creating prefix script '/home/neusvegasm/github/robot_progamming/exercises/rp_03_ros_basics/src/install/local_setup.ps1'
[6.372s] INFO:colcon.colcon_core.shell:Creating prefix util module '/home/neusvegasm/github/robot_progamming/exercises/rp_03_ros_basics/src/install/_local_setup_util_ps1.py'
[6.375s] INFO:colcon.colcon_core.shell:Creating prefix chain script '/home/neusvegasm/github/robot_progamming/exercises/rp_03_ros_basics/src/install/setup.ps1'
[6.377s] INFO:colcon.colcon_core.shell:Creating prefix script '/home/neusvegasm/github/robot_progamming/exercises/rp_03_ros_basics/src/install/local_setup.sh'
[6.379s] INFO:colcon.colcon_core.shell:Creating prefix util module '/home/neusvegasm/github/robot_progamming/exercises/rp_03_ros_basics/src/install/_local_setup_util_sh.py'
[6.380s] INFO:colcon.colcon_core.shell:Creating prefix chain script '/home/neusvegasm/github/robot_progamming/exercises/rp_03_ros_basics/src/install/setup.sh'
[6.383s] INFO:colcon.colcon_core.shell:Creating prefix script '/home/neusvegasm/github/robot_progamming/exercises/rp_03_ros_basics/src/install/local_setup.bash'
[6.384s] INFO:colcon.colcon_core.shell:Creating prefix chain script '/home/neusvegasm/github/robot_progamming/exercises/rp_03_ros_basics/src/install/setup.bash'
[6.386s] INFO:colcon.colcon_core.shell:Creating prefix script '/home/neusvegasm/github/robot_progamming/exercises/rp_03_ros_basics/src/install/local_setup.zsh'
[6.387s] INFO:colcon.colcon_core.shell:Creating prefix chain script '/home/neusvegasm/github/robot_progamming/exercises/rp_03_ros_basics/src/install/setup.zsh'
