[1.099s] DEBUG:colcon:Command line arguments: ['/usr/bin/colcon', 'build']
[1.100s] DEBUG:colcon:Parsed command line arguments: Namespace(log_base=None, log_level=None, verb_name='build', build_base='build', install_base='install', merge_install=False, symlink_install=False, test_result_base=None, continue_on_error=False, executor='parallel', parallel_workers=8, event_handlers=None, ignore_user_meta=False, metas=['./colcon.meta'], base_paths=['.'], packages_ignore=None, packages_ignore_regex=None, paths=None, packages_up_to=None, packages_up_to_regex=None, packages_above=None, packages_above_and_dependencies=None, packages_above_depth=None, packages_select_by_dep=None, packages_skip_by_dep=None, packages_skip_up_to=None, packages_select_build_failed=False, packages_skip_build_finished=False, packages_select_test_failures=False, packages_skip_test_passed=False, packages_select=None, packages_skip=None, packages_select_regex=None, packages_skip_regex=None, packages_start=None, packages_end=None, allow_overriding=[], cmake_args=None, cmake_target=None, cmake_target_skip_unavailable=False, cmake_clean_cache=False, cmake_clean_first=False, cmake_force_configure=False, ament_cmake_args=None, catkin_cmake_args=None, catkin_skip_building_tests=False, mixin_files=None, mixin=None, verb_parser=<colcon_mixin.mixin.mixin_argument.MixinArgumentDecorator object at 0x7f41ca789a80>, verb_extension=<colcon_core.verb.build.BuildVerb object at 0x7f41ca789300>, main=<bound method BuildVerb.main of <colcon_core.verb.build.BuildVerb object at 0x7f41ca789300>>, mixin_verb=('build',))
[1.851s] Level 1:colcon.colcon_core.package_discovery:discover_packages(colcon_meta) check parameters
[1.851s] Level 1:colcon.colcon_core.package_discovery:discover_packages(recursive) check parameters
[1.851s] Level 1:colcon.colcon_core.package_discovery:discover_packages(ignore) check parameters
[1.851s] Level 1:colcon.colcon_core.package_discovery:discover_packages(path) check parameters
[1.851s] Level 1:colcon.colcon_core.package_discovery:discover_packages(colcon_meta) discover
[1.851s] Level 1:colcon.colcon_core.package_discovery:discover_packages(recursive) discover
[1.851s] INFO:colcon.colcon_core.package_discovery:Crawling recursively for packages in '/home/neusvegasm/gitrepo/exercises/rp_03_ros_basics'
[1.851s] Level 1:colcon.colcon_core.package_identification:_identify(.) by extensions ['ignore', 'ignore_ament_install']
[1.852s] Level 1:colcon.colcon_core.package_identification:_identify(.) by extension 'ignore'
[1.852s] Level 1:colcon.colcon_core.package_identification:_identify(.) by extension 'ignore_ament_install'
[1.852s] Level 1:colcon.colcon_core.package_identification:_identify(.) by extensions ['colcon_pkg']
[1.852s] Level 1:colcon.colcon_core.package_identification:_identify(.) by extension 'colcon_pkg'
[1.852s] Level 1:colcon.colcon_core.package_identification:_identify(.) by extensions ['colcon_meta']
[1.852s] Level 1:colcon.colcon_core.package_identification:_identify(.) by extension 'colcon_meta'
[1.852s] Level 1:colcon.colcon_core.package_identification:_identify(.) by extensions ['ros']
[1.852s] Level 1:colcon.colcon_core.package_identification:_identify(.) by extension 'ros'
[1.890s] Level 1:colcon.colcon_core.package_identification:_identify(.) by extensions ['cmake', 'python']
[1.890s] Level 1:colcon.colcon_core.package_identification:_identify(.) by extension 'cmake'
[1.890s] Level 1:colcon.colcon_core.package_identification:_identify(.) by extension 'python'
[1.890s] Level 1:colcon.colcon_core.package_identification:_identify(.) by extensions ['python_setup_py']
[1.890s] Level 1:colcon.colcon_core.package_identification:_identify(.) by extension 'python_setup_py'
[1.891s] Level 1:colcon.colcon_core.package_identification:_identify(build) by extensions ['ignore', 'ignore_ament_install']
[1.891s] Level 1:colcon.colcon_core.package_identification:_identify(build) by extension 'ignore'
[1.891s] Level 1:colcon.colcon_core.package_identification:_identify(build) ignored
[1.891s] Level 1:colcon.colcon_core.package_identification:_identify(install) by extensions ['ignore', 'ignore_ament_install']
[1.892s] Level 1:colcon.colcon_core.package_identification:_identify(install) by extension 'ignore'
[1.892s] Level 1:colcon.colcon_core.package_identification:_identify(install) ignored
[1.892s] Level 1:colcon.colcon_core.package_identification:_identify(log) by extensions ['ignore', 'ignore_ament_install']
[1.892s] Level 1:colcon.colcon_core.package_identification:_identify(log) by extension 'ignore'
[1.892s] Level 1:colcon.colcon_core.package_identification:_identify(log) ignored
[1.893s] Level 1:colcon.colcon_core.package_identification:_identify(src) by extensions ['ignore', 'ignore_ament_install']
[1.893s] Level 1:colcon.colcon_core.package_identification:_identify(src) by extension 'ignore'
[1.893s] Level 1:colcon.colcon_core.package_identification:_identify(src) by extension 'ignore_ament_install'
[1.893s] Level 1:colcon.colcon_core.package_identification:_identify(src) by extensions ['colcon_pkg']
[1.893s] Level 1:colcon.colcon_core.package_identification:_identify(src) by extension 'colcon_pkg'
[1.893s] Level 1:colcon.colcon_core.package_identification:_identify(src) by extensions ['colcon_meta']
[1.893s] Level 1:colcon.colcon_core.package_identification:_identify(src) by extension 'colcon_meta'
[1.893s] Level 1:colcon.colcon_core.package_identification:_identify(src) by extensions ['ros']
[1.893s] Level 1:colcon.colcon_core.package_identification:_identify(src) by extension 'ros'
[1.894s] Level 1:colcon.colcon_core.package_identification:_identify(src) by extensions ['cmake', 'python']
[1.894s] Level 1:colcon.colcon_core.package_identification:_identify(src) by extension 'cmake'
[1.894s] Level 1:colcon.colcon_core.package_identification:_identify(src) by extension 'python'
[1.894s] Level 1:colcon.colcon_core.package_identification:_identify(src) by extensions ['python_setup_py']
[1.894s] Level 1:colcon.colcon_core.package_identification:_identify(src) by extension 'python_setup_py'
[1.894s] Level 1:colcon.colcon_core.package_identification:_identify(src/rp_simple_controller) by extensions ['ignore', 'ignore_ament_install']
[1.894s] Level 1:colcon.colcon_core.package_identification:_identify(src/rp_simple_controller) by extension 'ignore'
[1.895s] Level 1:colcon.colcon_core.package_identification:_identify(src/rp_simple_controller) by extension 'ignore_ament_install'
[1.895s] Level 1:colcon.colcon_core.package_identification:_identify(src/rp_simple_controller) by extensions ['colcon_pkg']
[1.895s] Level 1:colcon.colcon_core.package_identification:_identify(src/rp_simple_controller) by extension 'colcon_pkg'
[1.895s] Level 1:colcon.colcon_core.package_identification:_identify(src/rp_simple_controller) by extensions ['colcon_meta']
[1.895s] Level 1:colcon.colcon_core.package_identification:_identify(src/rp_simple_controller) by extension 'colcon_meta'
[1.895s] Level 1:colcon.colcon_core.package_identification:_identify(src/rp_simple_controller) by extensions ['ros']
[1.895s] Level 1:colcon.colcon_core.package_identification:_identify(src/rp_simple_controller) by extension 'ros'
[1.906s] DEBUG:colcon.colcon_core.package_identification:Package 'src/rp_simple_controller' with type 'ros.ament_cmake' and name 'rp_simple_controller'
[1.906s] Level 1:colcon.colcon_core.package_discovery:discover_packages(recursive) using defaults
[1.906s] Level 1:colcon.colcon_core.package_discovery:discover_packages(ignore) discover
[1.906s] Level 1:colcon.colcon_core.package_discovery:discover_packages(ignore) using defaults
[1.906s] Level 1:colcon.colcon_core.package_discovery:discover_packages(path) discover
[1.906s] Level 1:colcon.colcon_core.package_discovery:discover_packages(path) using defaults
[1.994s] Level 1:colcon.colcon_core.package_discovery:discover_packages(prefix_path) check parameters
[1.994s] Level 1:colcon.colcon_core.package_discovery:discover_packages(prefix_path) discover
[2.004s] DEBUG:colcon.colcon_installed_package_information.package_discovery:Found 1 installed packages in /home/neusvegasm/gitrepo/exercises/rp_03_ros_basics/install
[2.006s] DEBUG:colcon.colcon_installed_package_information.package_discovery:Found 270 installed packages in /opt/ros/humble
[2.010s] Level 1:colcon.colcon_core.package_discovery:discover_packages(prefix_path) using defaults
[2.104s] Level 5:colcon.colcon_core.verb:set package 'rp_simple_controller' build argument 'cmake_args' from command line to 'None'
[2.104s] Level 5:colcon.colcon_core.verb:set package 'rp_simple_controller' build argument 'cmake_target' from command line to 'None'
[2.104s] Level 5:colcon.colcon_core.verb:set package 'rp_simple_controller' build argument 'cmake_target_skip_unavailable' from command line to 'False'
[2.104s] Level 5:colcon.colcon_core.verb:set package 'rp_simple_controller' build argument 'cmake_clean_cache' from command line to 'False'
[2.104s] Level 5:colcon.colcon_core.verb:set package 'rp_simple_controller' build argument 'cmake_clean_first' from command line to 'False'
[2.104s] Level 5:colcon.colcon_core.verb:set package 'rp_simple_controller' build argument 'cmake_force_configure' from command line to 'False'
[2.104s] Level 5:colcon.colcon_core.verb:set package 'rp_simple_controller' build argument 'ament_cmake_args' from command line to 'None'
[2.104s] Level 5:colcon.colcon_core.verb:set package 'rp_simple_controller' build argument 'catkin_cmake_args' from command line to 'None'
[2.104s] Level 5:colcon.colcon_core.verb:set package 'rp_simple_controller' build argument 'catkin_skip_building_tests' from command line to 'False'
[2.105s] DEBUG:colcon.colcon_core.verb:Building package 'rp_simple_controller' with the following arguments: {'ament_cmake_args': None, 'build_base': '/home/neusvegasm/gitrepo/exercises/rp_03_ros_basics/build/rp_simple_controller', 'catkin_cmake_args': None, 'catkin_skip_building_tests': False, 'cmake_args': None, 'cmake_clean_cache': False, 'cmake_clean_first': False, 'cmake_force_configure': False, 'cmake_target': None, 'cmake_target_skip_unavailable': False, 'install_base': '/home/neusvegasm/gitrepo/exercises/rp_03_ros_basics/install/rp_simple_controller', 'merge_install': False, 'path': '/home/neusvegasm/gitrepo/exercises/rp_03_ros_basics/src/rp_simple_controller', 'symlink_install': False, 'test_result_base': None}
[2.105s] INFO:colcon.colcon_core.executor:Executing jobs using 'parallel' executor
[2.107s] DEBUG:colcon.colcon_parallel_executor.executor.parallel:run_until_complete
[2.108s] INFO:colcon.colcon_ros.task.ament_cmake.build:Building ROS package in '/home/neusvegasm/gitrepo/exercises/rp_03_ros_basics/src/rp_simple_controller' with build type 'ament_cmake'
[2.108s] INFO:colcon.colcon_cmake.task.cmake.build:Building CMake package in '/home/neusvegasm/gitrepo/exercises/rp_03_ros_basics/src/rp_simple_controller'
[2.126s] INFO:colcon.colcon_core.plugin_system:Skipping extension 'colcon_core.shell.bat': Not used on non-Windows systems
[2.127s] INFO:colcon.colcon_core.shell:Skip shell extension 'powershell' for command environment: Not usable outside of PowerShell
[2.127s] DEBUG:colcon.colcon_core.shell:Skip shell extension 'dsv' for command environment
[2.153s] DEBUG:colcon.colcon_core.event_handler.log_command:Invoking command in '/home/neusvegasm/gitrepo/exercises/rp_03_ros_basics/build/rp_simple_controller': CMAKE_PREFIX_PATH=${CMAKE_PREFIX_PATH}:/opt/ros/humble /usr/bin/cmake --build /home/neusvegasm/gitrepo/exercises/rp_03_ros_basics/build/rp_simple_controller -- -j8 -l8
[19.647s] DEBUG:colcon.colcon_core.event_handler.log_command:Invoked command in '/home/neusvegasm/gitrepo/exercises/rp_03_ros_basics/build/rp_simple_controller' returned '0': CMAKE_PREFIX_PATH=${CMAKE_PREFIX_PATH}:/opt/ros/humble /usr/bin/cmake --build /home/neusvegasm/gitrepo/exercises/rp_03_ros_basics/build/rp_simple_controller -- -j8 -l8
[19.706s] DEBUG:colcon.colcon_core.event_handler.log_command:Invoking command in '/home/neusvegasm/gitrepo/exercises/rp_03_ros_basics/build/rp_simple_controller': CMAKE_PREFIX_PATH=${CMAKE_PREFIX_PATH}:/opt/ros/humble /usr/bin/cmake --install /home/neusvegasm/gitrepo/exercises/rp_03_ros_basics/build/rp_simple_controller
[19.734s] Level 1:colcon.colcon_core.environment:create_environment_scripts_only(rp_simple_controller)
[19.736s] DEBUG:colcon.colcon_core.event_handler.log_command:Invoked command in '/home/neusvegasm/gitrepo/exercises/rp_03_ros_basics/build/rp_simple_controller' returned '0': CMAKE_PREFIX_PATH=${CMAKE_PREFIX_PATH}:/opt/ros/humble /usr/bin/cmake --install /home/neusvegasm/gitrepo/exercises/rp_03_ros_basics/build/rp_simple_controller
[19.749s] Level 1:colcon.colcon_core.environment:checking '/home/neusvegasm/gitrepo/exercises/rp_03_ros_basics/install/rp_simple_controller' for CMake module files
[19.750s] Level 1:colcon.colcon_core.environment:checking '/home/neusvegasm/gitrepo/exercises/rp_03_ros_basics/install/rp_simple_controller' for CMake config files
[19.751s] Level 1:colcon.colcon_core.shell:create_environment_hook('rp_simple_controller', 'cmake_prefix_path')
[19.751s] INFO:colcon.colcon_core.shell:Creating environment hook '/home/neusvegasm/gitrepo/exercises/rp_03_ros_basics/install/rp_simple_controller/share/rp_simple_controller/hook/cmake_prefix_path.ps1'
[19.753s] INFO:colcon.colcon_core.shell:Creating environment descriptor '/home/neusvegasm/gitrepo/exercises/rp_03_ros_basics/install/rp_simple_controller/share/rp_simple_controller/hook/cmake_prefix_path.dsv'
[19.755s] INFO:colcon.colcon_core.shell:Creating environment hook '/home/neusvegasm/gitrepo/exercises/rp_03_ros_basics/install/rp_simple_controller/share/rp_simple_controller/hook/cmake_prefix_path.sh'
[19.757s] Level 1:colcon.colcon_core.environment:checking '/home/neusvegasm/gitrepo/exercises/rp_03_ros_basics/install/rp_simple_controller/lib'
[19.757s] Level 1:colcon.colcon_core.environment:checking '/home/neusvegasm/gitrepo/exercises/rp_03_ros_basics/install/rp_simple_controller/bin'
[19.758s] Level 1:colcon.colcon_core.environment:checking '/home/neusvegasm/gitrepo/exercises/rp_03_ros_basics/install/rp_simple_controller/lib/pkgconfig/rp_simple_controller.pc'
[19.758s] Level 1:colcon.colcon_core.environment:checking '/home/neusvegasm/gitrepo/exercises/rp_03_ros_basics/install/rp_simple_controller/lib/python3.10/site-packages'
[19.759s] Level 1:colcon.colcon_core.environment:checking '/home/neusvegasm/gitrepo/exercises/rp_03_ros_basics/install/rp_simple_controller/bin'
[19.759s] INFO:colcon.colcon_core.shell:Creating package script '/home/neusvegasm/gitrepo/exercises/rp_03_ros_basics/install/rp_simple_controller/share/rp_simple_controller/package.ps1'
[19.761s] INFO:colcon.colcon_core.shell:Creating package descriptor '/home/neusvegasm/gitrepo/exercises/rp_03_ros_basics/install/rp_simple_controller/share/rp_simple_controller/package.dsv'
[19.763s] INFO:colcon.colcon_core.shell:Creating package script '/home/neusvegasm/gitrepo/exercises/rp_03_ros_basics/install/rp_simple_controller/share/rp_simple_controller/package.sh'
[19.764s] INFO:colcon.colcon_core.shell:Creating package script '/home/neusvegasm/gitrepo/exercises/rp_03_ros_basics/install/rp_simple_controller/share/rp_simple_controller/package.bash'
[19.766s] INFO:colcon.colcon_core.shell:Creating package script '/home/neusvegasm/gitrepo/exercises/rp_03_ros_basics/install/rp_simple_controller/share/rp_simple_controller/package.zsh'
[19.769s] Level 1:colcon.colcon_core.environment:create_file_with_runtime_dependencies(/home/neusvegasm/gitrepo/exercises/rp_03_ros_basics/install/rp_simple_controller/share/colcon-core/packages/rp_simple_controller)
[19.811s] Level 1:colcon.colcon_core.environment:create_environment_scripts_only(rp_simple_controller)
[19.812s] Level 1:colcon.colcon_core.environment:checking '/home/neusvegasm/gitrepo/exercises/rp_03_ros_basics/install/rp_simple_controller' for CMake module files
[19.812s] Level 1:colcon.colcon_core.environment:checking '/home/neusvegasm/gitrepo/exercises/rp_03_ros_basics/install/rp_simple_controller' for CMake config files
[19.812s] Level 1:colcon.colcon_core.shell:create_environment_hook('rp_simple_controller', 'cmake_prefix_path')
[19.813s] INFO:colcon.colcon_core.shell:Creating environment hook '/home/neusvegasm/gitrepo/exercises/rp_03_ros_basics/install/rp_simple_controller/share/rp_simple_controller/hook/cmake_prefix_path.ps1'
[19.813s] INFO:colcon.colcon_core.shell:Creating environment descriptor '/home/neusvegasm/gitrepo/exercises/rp_03_ros_basics/install/rp_simple_controller/share/rp_simple_controller/hook/cmake_prefix_path.dsv'
[19.814s] INFO:colcon.colcon_core.shell:Creating environment hook '/home/neusvegasm/gitrepo/exercises/rp_03_ros_basics/install/rp_simple_controller/share/rp_simple_controller/hook/cmake_prefix_path.sh'
[19.815s] Level 1:colcon.colcon_core.environment:checking '/home/neusvegasm/gitrepo/exercises/rp_03_ros_basics/install/rp_simple_controller/lib'
[19.815s] Level 1:colcon.colcon_core.environment:checking '/home/neusvegasm/gitrepo/exercises/rp_03_ros_basics/install/rp_simple_controller/bin'
[19.815s] Level 1:colcon.colcon_core.environment:checking '/home/neusvegasm/gitrepo/exercises/rp_03_ros_basics/install/rp_simple_controller/lib/pkgconfig/rp_simple_controller.pc'
[19.815s] Level 1:colcon.colcon_core.environment:checking '/home/neusvegasm/gitrepo/exercises/rp_03_ros_basics/install/rp_simple_controller/lib/python3.10/site-packages'
[19.816s] Level 1:colcon.colcon_core.environment:checking '/home/neusvegasm/gitrepo/exercises/rp_03_ros_basics/install/rp_simple_controller/bin'
[19.816s] INFO:colcon.colcon_core.shell:Creating package script '/home/neusvegasm/gitrepo/exercises/rp_03_ros_basics/install/rp_simple_controller/share/rp_simple_controller/package.ps1'
[19.817s] INFO:colcon.colcon_core.shell:Creating package descriptor '/home/neusvegasm/gitrepo/exercises/rp_03_ros_basics/install/rp_simple_controller/share/rp_simple_controller/package.dsv'
[19.818s] INFO:colcon.colcon_core.shell:Creating package script '/home/neusvegasm/gitrepo/exercises/rp_03_ros_basics/install/rp_simple_controller/share/rp_simple_controller/package.sh'
[19.819s] INFO:colcon.colcon_core.shell:Creating package script '/home/neusvegasm/gitrepo/exercises/rp_03_ros_basics/install/rp_simple_controller/share/rp_simple_controller/package.bash'
[19.820s] INFO:colcon.colcon_core.shell:Creating package script '/home/neusvegasm/gitrepo/exercises/rp_03_ros_basics/install/rp_simple_controller/share/rp_simple_controller/package.zsh'
[19.821s] Level 1:colcon.colcon_core.environment:create_file_with_runtime_dependencies(/home/neusvegasm/gitrepo/exercises/rp_03_ros_basics/install/rp_simple_controller/share/colcon-core/packages/rp_simple_controller)
[19.822s] DEBUG:colcon.colcon_parallel_executor.executor.parallel:closing loop
[19.822s] DEBUG:colcon.colcon_parallel_executor.executor.parallel:loop closed
[19.822s] DEBUG:colcon.colcon_parallel_executor.executor.parallel:run_until_complete finished with '0'
[19.822s] DEBUG:colcon.colcon_core.event_reactor:joining thread
[19.927s] INFO:colcon.colcon_core.plugin_system:Skipping extension 'colcon_notification.desktop_notification.notify_send': Could not find 'notify-send'
[19.927s] INFO:colcon.colcon_core.plugin_system:Skipping extension 'colcon_notification.desktop_notification.terminal_notifier': Not used on non-Darwin systems
[19.928s] INFO:colcon.colcon_core.plugin_system:Skipping extension 'colcon_notification.desktop_notification.win32': Not used on non-Windows systems
[19.928s] INFO:colcon.colcon_notification.desktop_notification:Sending desktop notification using 'notify2'
[19.931s] DEBUG:colcon.colcon_notification.desktop_notification.notify2:Failed to initialize notify2: org.freedesktop.DBus.Error.ServiceUnknown: The name org.freedesktop.Notifications was not provided by any .service files
[19.931s] DEBUG:colcon.colcon_core.event_reactor:joined thread
[19.932s] INFO:colcon.colcon_core.shell:Creating prefix script '/home/neusvegasm/gitrepo/exercises/rp_03_ros_basics/install/local_setup.ps1'
[19.936s] INFO:colcon.colcon_core.shell:Creating prefix util module '/home/neusvegasm/gitrepo/exercises/rp_03_ros_basics/install/_local_setup_util_ps1.py'
[19.938s] INFO:colcon.colcon_core.shell:Creating prefix chain script '/home/neusvegasm/gitrepo/exercises/rp_03_ros_basics/install/setup.ps1'
[19.941s] INFO:colcon.colcon_core.shell:Creating prefix script '/home/neusvegasm/gitrepo/exercises/rp_03_ros_basics/install/local_setup.sh'
[19.942s] INFO:colcon.colcon_core.shell:Creating prefix util module '/home/neusvegasm/gitrepo/exercises/rp_03_ros_basics/install/_local_setup_util_sh.py'
[19.943s] INFO:colcon.colcon_core.shell:Creating prefix chain script '/home/neusvegasm/gitrepo/exercises/rp_03_ros_basics/install/setup.sh'
[19.945s] INFO:colcon.colcon_core.shell:Creating prefix script '/home/neusvegasm/gitrepo/exercises/rp_03_ros_basics/install/local_setup.bash'
[19.946s] INFO:colcon.colcon_core.shell:Creating prefix chain script '/home/neusvegasm/gitrepo/exercises/rp_03_ros_basics/install/setup.bash'
[19.948s] INFO:colcon.colcon_core.shell:Creating prefix script '/home/neusvegasm/gitrepo/exercises/rp_03_ros_basics/install/local_setup.zsh'
[19.949s] INFO:colcon.colcon_core.shell:Creating prefix chain script '/home/neusvegasm/gitrepo/exercises/rp_03_ros_basics/install/setup.zsh'
